<?xml version="1.0" encoding="UTF-8"?>
<!-- Generated by org.testng.reporters.JUnitReportReporter -->
<testsuite hostname="ShreyasAmin" failures="0" tests="4" name="ecommerce_automation.E2E_testframework.Tests.ErrorValidationTest" time="25.017" errors="0" timestamp="2024-04-20T05:08:05 IST" skipped="0">
  <testcase classname="ecommerce_automation.E2E_testframework.Tests.ErrorValidationTest" name="errorValidationRegisterTab" time="5.354"/>
  <testcase classname="ecommerce_automation.E2E_testframework.Tests.ErrorValidationTest" name="errorValidationLoginTab" time="8.731"/>
  <testcase classname="ecommerce_automation.E2E_testframework.Tests.ErrorValidationTest" name="errorValidationLoginTab" time="4.849"/>
  <testcase classname="ecommerce_automation.E2E_testframework.Tests.ErrorValidationTest" name="errorValidationRegisterTab" time="6.083"/>
</testsuite> <!-- ecommerce_automation.E2E_testframework.Tests.ErrorValidationTest -->
