<?xml version="1.0" encoding="UTF-8"?>
<!-- Generated by org.testng.reporters.JUnitReportReporter -->
<testsuite hostname="ShreyasAmin" failures="0" tests="1" name="ecommerce_automation.E2E_testframework.Tests.End2End_Test" time="11.922" errors="0" timestamp="2024-04-15T23:22:34 IST" skipped="0">
  <testcase classname="ecommerce_automation.E2E_testframework.Tests.End2End_Test" name="end2endTest" time="11.922"/>
</testsuite> <!-- ecommerce_automation.E2E_testframework.Tests.End2End_Test -->
