<?xml version="1.0" encoding="UTF-8"?>
<!-- Generated by org.testng.reporters.JUnitReportReporter -->
<testsuite hostname="ShreyasAmin" failures="0" tests="1" name="ecommerce_automation.E2E_testframework.Tests.SanityTest" time="11.731" errors="0" timestamp="2024-04-20T04:52:24 IST" skipped="0">
  <testcase classname="ecommerce_automation.E2E_testframework.Tests.SanityTest" name="sanityTest" time="11.731"/>
</testsuite> <!-- ecommerce_automation.E2E_testframework.Tests.SanityTest -->
