<?xml version="1.0" encoding="UTF-8"?>
<!-- Generated by org.testng.reporters.JUnitReportReporter -->
<testsuite hostname="ShreyasAmin" failures="0" tests="2" name="ecommerce_automation.E2E_testframework.Tests.ErrorValidationTest" time="22.632" errors="0" timestamp="2024-04-21T17:56:52 IST" skipped="0">
  <testcase classname="ecommerce_automation.E2E_testframework.Tests.ErrorValidationTest" name="errorValidationTest" time="12.523"/>
  <testcase classname="ecommerce_automation.E2E_testframework.Tests.ErrorValidationTest" name="errorValidationTest" time="10.109"/>
</testsuite> <!-- ecommerce_automation.E2E_testframework.Tests.ErrorValidationTest -->
