<?xml version="1.0" encoding="UTF-8"?>
<!-- Generated by org.testng.reporters.JUnitReportReporter -->
<testsuite hostname="ShreyasAmin" failures="0" tests="4" name="ecommerce_automation.E2E_testframework.Tests.End2EndTest" time="35.584" errors="0" timestamp="2024-04-20T05:05:38 IST" skipped="0">
  <testcase classname="ecommerce_automation.E2E_testframework.Tests.End2EndTest" name="end2endRegisterTest" time="7.815"/>
  <testcase classname="ecommerce_automation.E2E_testframework.Tests.End2EndTest" name="end2endRegisterTest" time="7.902"/>
  <testcase classname="ecommerce_automation.E2E_testframework.Tests.End2EndTest" name="end2endLoginTest" time="13.498"/>
  <testcase classname="ecommerce_automation.E2E_testframework.Tests.End2EndTest" name="end2endLoginTest" time="6.369"/>
</testsuite> <!-- ecommerce_automation.E2E_testframework.Tests.End2EndTest -->
