<?xml version="1.0" encoding="UTF-8"?>
<!-- Generated by org.testng.reporters.JUnitReportReporter -->
<testsuite hostname="ShreyasAmin" failures="0" tests="1" name="ecommerce_automation.E2E_testframework.Tests.End2EndTest" time="24.403" errors="0" timestamp="2024-04-21T17:56:52 IST" skipped="0">
  <testcase classname="ecommerce_automation.E2E_testframework.Tests.End2EndTest" name="end2endTest" time="24.403"/>
</testsuite> <!-- ecommerce_automation.E2E_testframework.Tests.End2EndTest -->
