<?xml version="1.0" encoding="UTF-8"?>
<!-- Generated by org.testng.reporters.JUnitReportReporter -->
<testsuite hostname="ShreyasAmin" failures="0" tests="2" name="ecommerce_automation.E2E_testframework.Tests.End2End_Test" time="38.425" errors="0" timestamp="2024-04-19T16:03:27 IST" skipped="0">
  <testcase classname="ecommerce_automation.E2E_testframework.Tests.End2End_Test" name="end2endTest" time="19.595"/>
  <testcase classname="ecommerce_automation.E2E_testframework.Tests.End2End_Test" name="end2endTest" time="18.830"/>
</testsuite> <!-- ecommerce_automation.E2E_testframework.Tests.End2End_Test -->
